ALL MAPPINGS:
  Mnemonic: BIT_DEPTH -> App Param: BitDepth
  Mnemonic: WOB -> App Param: WOB
  Mnemonic: BLOCK_POS -> App Param: BlockPosition
  Mnemonic: TON_MILE -> App Param: TonMile
  Mnemonic: DIFF_PRESS -> App Param: DiffPress
  Mnemonic: FLOW_IN -> App Param: FlowRate
  Mnemonic: FLOW_OUT_REL -> App Param: FlowOutPercent
  Mnemonic: GAINLOSS -> App Param: GainLoss
  Mnemonic: GAS_H2S_MAX -> App Param: H2SGas
  Mnemonic: TOT_DPT_MD -> App Param: Depth
  Mnemonic: HOOKLOAD_MAX -> App Param: HookLoad
  Mnemonic: TOTAL_VOL -> App Param: TotalMudVolume
  Mnemonic: TANK1_VOL -> App Param: PitVolume1
  Mnemonic: TANK2_VOL -> App Param: PitVolume2
  Mnemonic: TANK3_VOL -> App Param: PitVolume3
  Mnemonic: TANK4_VOL -> App Param: PitVolume4
  Mnemonic: Standpipe Pressure 1 -> App Param: StandpipePressure
  Mnemonic: MP1_SPM -> App Param: SPM1
  Mnemonic: MP2_SPM -> App Param: SPM2
  Mnemonic: MP3_SPM -> App Param: SPM3
  Mnemonic: TOT_SPM -> App Param: TotalSPM
  Mnemonic: RIG_ACTIVITY -> App Param: RigActivity
  Mnemonic: AVG_ROP_FT_HR -> App Param: ROP
  Mnemonic: ROT_SPEED -> App Param: RPM
  Mnemonic: ROT_TORQUE -> App Param: Torque
  Mnemonic: SLIP_STAT -> App Param: SlipStatus
  Mnemonic: STRING_SPEED -> App Param: StringSpeed
  Mnemonic: TOT_STK -> App Param: TotalStrokes
  Mnemonic: TD_SPEED -> App Param: TopDriveRPM
  Mnemonic: TD_TORQUE -> App Param: TopDriveTorque
  Mnemonic: TT1_VOL -> App Param: TripTank1
  Mnemonic: TT2_VOL -> App Param: TripTank2
  Mnemonic: TRIP_TANK_GL -> App Param: TripTankGL

Active Config: APPSVR (ID: 1)
  Server: http://10.207.97.15/WitsmlService/WitsmlService.asmx
  Well UID: a6b3a8f0-7bec-42b1-b370-24e8de05e1f3, Wellbore UID: a6b3a8f0-7bec-42b1-b370-24e8de05e1f3, Log UID: Time_1Sec
